[09:20:22] [main/INFO]: Loaded 0 recipes
[09:20:22] [Server thread/INFO]: Starting minecraft server version 1.13.2
[09:20:22] [Server thread/INFO]: Loading properties
[09:20:22] [Server thread/INFO]: Default game type: SURVIVAL
[09:20:22] [Server thread/INFO]: This server is running CraftBukkit version git-Spigot-518206a-c4a67ee (MC: 1.13.2) (Implementing API version 1.13.2-R0.1-SNAPSHOT)
[09:20:22] [Server thread/INFO]: Debug logging is disabled
[09:20:22] [Server thread/INFO]: Server Ping Player Sample Count: 12
[09:20:22] [Server thread/INFO]: Using 4 threads for Netty based IO
[09:20:22] [Server thread/INFO]: Generating keypair
[09:20:23] [Server thread/INFO]: Starting Minecraft server on *:25565
[09:20:23] [Server thread/INFO]: Using default channel type
[09:20:26] [Server thread/INFO]: [JuicyRaspberryPie] Loading JuicyRaspberryPie v1.7
[09:20:26] [Server thread/INFO]: **** Beginning UUID conversion, this may take A LONG time ****
[09:20:26] [Server thread/INFO]: Preparing level "world"
[09:20:26] [Server thread/INFO]: Reloading ResourceManager: Default, bukkit
[09:20:27] [Server thread/INFO]: Loaded 524 recipes
[09:20:28] [Server thread/INFO]: -------- World Settings For [world] --------
[09:20:28] [Server thread/INFO]: Item Merge Radius: 2.5
[09:20:28] [Server thread/INFO]: Item Despawn Rate: 6000
[09:20:28] [Server thread/INFO]: Allow Zombie Pigmen to spawn from portal blocks: true
[09:20:28] [Server thread/INFO]: Arrow Despawn Rate: 1200
[09:20:28] [Server thread/INFO]: View Distance: 10
[09:20:28] [Server thread/INFO]: Nerfing mobs spawned from spawners: false
[09:20:28] [Server thread/INFO]: Zombie Aggressive Towards Villager: true
[09:20:28] [Server thread/INFO]: Custom Map Seeds:  Village: 10387312 Desert: 14357617 Igloo: 14357618 Jungle: 14357619 Swamp: 14357620 Monument: 10387313Ocean: 14357621 Shipwreck: 165745295 Slime: 987234911
[09:20:28] [Server thread/INFO]: Entity Tracking Range: Pl 48 / An 48 / Mo 48 / Mi 32 / Other 64
[09:20:28] [Server thread/INFO]: Entity Activation Range: An 32 / Mo 32 / Mi 16 / Tiv true
[09:20:28] [Server thread/INFO]: Random Lighting Updates: false
[09:20:28] [Server thread/INFO]: Mob Spawn Range: 6
[09:20:28] [Server thread/INFO]: Cactus Growth Modifier: 100%
[09:20:28] [Server thread/INFO]: Cane Growth Modifier: 100%
[09:20:28] [Server thread/INFO]: Melon Growth Modifier: 100%
[09:20:28] [Server thread/INFO]: Mushroom Growth Modifier: 100%
[09:20:28] [Server thread/INFO]: Pumpkin Growth Modifier: 100%
[09:20:28] [Server thread/INFO]: Sapling Growth Modifier: 100%
[09:20:28] [Server thread/INFO]: Beetroot Growth Modifier: 100%
[09:20:28] [Server thread/INFO]: Carrot Growth Modifier: 100%
[09:20:28] [Server thread/INFO]: Potato Growth Modifier: 100%
[09:20:28] [Server thread/INFO]: Wheat Growth Modifier: 100%
[09:20:28] [Server thread/INFO]: NetherWart Growth Modifier: 100%
[09:20:28] [Server thread/INFO]: Vine Growth Modifier: 100%
[09:20:28] [Server thread/INFO]: Cocoa Growth Modifier: 100%
[09:20:28] [Server thread/INFO]: Max TNT Explosions: 100
[09:20:28] [Server thread/INFO]: Tile Max Tick Time: 50ms Entity max Tick Time: 50ms
[09:20:28] [Server thread/INFO]: Experience Merge Radius: 3.0
[09:20:28] [Server thread/INFO]: Hopper Transfer: 8 Hopper Check: 1 Hopper Amount: 1
[09:20:28] [Server thread/INFO]: -------- World Settings For [world_nether] --------
[09:20:28] [Server thread/INFO]: Item Merge Radius: 2.5
[09:20:28] [Server thread/INFO]: Item Despawn Rate: 6000
[09:20:28] [Server thread/INFO]: Allow Zombie Pigmen to spawn from portal blocks: true
[09:20:28] [Server thread/INFO]: Arrow Despawn Rate: 1200
[09:20:28] [Server thread/INFO]: View Distance: 10
[09:20:28] [Server thread/INFO]: Nerfing mobs spawned from spawners: false
[09:20:28] [Server thread/INFO]: Zombie Aggressive Towards Villager: true
[09:20:28] [Server thread/INFO]: Custom Map Seeds:  Village: 10387312 Desert: 14357617 Igloo: 14357618 Jungle: 14357619 Swamp: 14357620 Monument: 10387313Ocean: 14357621 Shipwreck: 165745295 Slime: 987234911
[09:20:28] [Server thread/INFO]: Entity Tracking Range: Pl 48 / An 48 / Mo 48 / Mi 32 / Other 64
[09:20:28] [Server thread/INFO]: Entity Activation Range: An 32 / Mo 32 / Mi 16 / Tiv true
[09:20:28] [Server thread/INFO]: Random Lighting Updates: false
[09:20:28] [Server thread/INFO]: Mob Spawn Range: 6
[09:20:28] [Server thread/INFO]: Cactus Growth Modifier: 100%
[09:20:28] [Server thread/INFO]: Cane Growth Modifier: 100%
[09:20:28] [Server thread/INFO]: Melon Growth Modifier: 100%
[09:20:28] [Server thread/INFO]: Mushroom Growth Modifier: 100%
[09:20:28] [Server thread/INFO]: Pumpkin Growth Modifier: 100%
[09:20:28] [Server thread/INFO]: Sapling Growth Modifier: 100%
[09:20:28] [Server thread/INFO]: Beetroot Growth Modifier: 100%
[09:20:28] [Server thread/INFO]: Carrot Growth Modifier: 100%
[09:20:28] [Server thread/INFO]: Potato Growth Modifier: 100%
[09:20:28] [Server thread/INFO]: Wheat Growth Modifier: 100%
[09:20:28] [Server thread/INFO]: NetherWart Growth Modifier: 100%
[09:20:28] [Server thread/INFO]: Vine Growth Modifier: 100%
[09:20:28] [Server thread/INFO]: Cocoa Growth Modifier: 100%
[09:20:28] [Server thread/INFO]: Max TNT Explosions: 100
[09:20:28] [Server thread/INFO]: Tile Max Tick Time: 50ms Entity max Tick Time: 50ms
[09:20:28] [Server thread/INFO]: Experience Merge Radius: 3.0
[09:20:28] [Server thread/INFO]: Hopper Transfer: 8 Hopper Check: 1 Hopper Amount: 1
[09:20:28] [Server thread/INFO]: -------- World Settings For [world_the_end] --------
[09:20:28] [Server thread/INFO]: Item Merge Radius: 2.5
[09:20:28] [Server thread/INFO]: Item Despawn Rate: 6000
[09:20:28] [Server thread/INFO]: Allow Zombie Pigmen to spawn from portal blocks: true
[09:20:28] [Server thread/INFO]: Arrow Despawn Rate: 1200
[09:20:28] [Server thread/INFO]: View Distance: 10
[09:20:28] [Server thread/INFO]: Nerfing mobs spawned from spawners: false
[09:20:28] [Server thread/INFO]: Zombie Aggressive Towards Villager: true
[09:20:28] [Server thread/INFO]: Custom Map Seeds:  Village: 10387312 Desert: 14357617 Igloo: 14357618 Jungle: 14357619 Swamp: 14357620 Monument: 10387313Ocean: 14357621 Shipwreck: 165745295 Slime: 987234911
[09:20:28] [Server thread/INFO]: Entity Tracking Range: Pl 48 / An 48 / Mo 48 / Mi 32 / Other 64
[09:20:28] [Server thread/INFO]: Entity Activation Range: An 32 / Mo 32 / Mi 16 / Tiv true
[09:20:28] [Server thread/INFO]: Random Lighting Updates: false
[09:20:28] [Server thread/INFO]: Mob Spawn Range: 6
[09:20:28] [Server thread/INFO]: Cactus Growth Modifier: 100%
[09:20:28] [Server thread/INFO]: Cane Growth Modifier: 100%
[09:20:28] [Server thread/INFO]: Melon Growth Modifier: 100%
[09:20:28] [Server thread/INFO]: Mushroom Growth Modifier: 100%
[09:20:28] [Server thread/INFO]: Pumpkin Growth Modifier: 100%
[09:20:28] [Server thread/INFO]: Sapling Growth Modifier: 100%
[09:20:28] [Server thread/INFO]: Beetroot Growth Modifier: 100%
[09:20:28] [Server thread/INFO]: Carrot Growth Modifier: 100%
[09:20:28] [Server thread/INFO]: Potato Growth Modifier: 100%
[09:20:28] [Server thread/INFO]: Wheat Growth Modifier: 100%
[09:20:28] [Server thread/INFO]: NetherWart Growth Modifier: 100%
[09:20:28] [Server thread/INFO]: Vine Growth Modifier: 100%
[09:20:28] [Server thread/INFO]: Cocoa Growth Modifier: 100%
[09:20:28] [Server thread/INFO]: Max TNT Explosions: 100
[09:20:28] [Server thread/INFO]: Tile Max Tick Time: 50ms Entity max Tick Time: 50ms
[09:20:28] [Server thread/INFO]: Experience Merge Radius: 3.0
[09:20:28] [Server thread/INFO]: Hopper Transfer: 8 Hopper Check: 1 Hopper Amount: 1
[09:20:28] [Server thread/INFO]: Preparing start region for level minecraft:overworld (Seed: -2898559828293743903)
[09:20:28] [Server thread/INFO]: Preparing spawn area: 4%
[09:20:28] [Server thread/INFO]: Preparing spawn area: 8%
[09:20:28] [Server thread/INFO]: Preparing spawn area: 12%
[09:20:28] [Server thread/INFO]: Preparing spawn area: 16%
[09:20:28] [Server thread/INFO]: Preparing spawn area: 20%
[09:20:28] [Server thread/INFO]: Preparing spawn area: 24%
[09:20:29] [Server thread/INFO]: Preparing spawn area: 28%
[09:20:29] [Server thread/INFO]: Preparing spawn area: 32%
[09:20:29] [Server thread/INFO]: Preparing spawn area: 36%
[09:20:29] [Server thread/INFO]: Preparing spawn area: 40%
[09:20:29] [Server thread/INFO]: Preparing spawn area: 44%
[09:20:29] [Server thread/INFO]: Preparing spawn area: 48%
[09:20:29] [Server thread/INFO]: Preparing spawn area: 52%
[09:20:29] [Server thread/INFO]: Preparing spawn area: 56%
[09:20:29] [Server thread/INFO]: Preparing spawn area: 60%
[09:20:29] [Server thread/INFO]: Preparing spawn area: 64%
[09:20:29] [Server thread/INFO]: Preparing spawn area: 68%
[09:20:29] [Server thread/INFO]: Preparing spawn area: 72%
[09:20:30] [Server thread/INFO]: Preparing spawn area: 76%
[09:20:30] [Server thread/INFO]: Preparing spawn area: 80%
[09:20:30] [Server thread/INFO]: Preparing spawn area: 84%
[09:20:30] [Server thread/INFO]: Preparing spawn area: 88%
[09:20:30] [Server thread/INFO]: Preparing spawn area: 92%
[09:20:30] [Server thread/INFO]: Preparing spawn area: 96%
[09:20:30] [Server thread/INFO]: Preparing spawn area: 100%
[09:20:30] [Server thread/INFO]: Preparing start region for level minecraft:the_end (Seed: -2898559828293743903)
[09:20:30] [Server thread/INFO]: Preparing spawn area: 4%
[09:20:30] [Server thread/INFO]: Preparing spawn area: 8%
[09:20:30] [Server thread/INFO]: Preparing spawn area: 12%
[09:20:30] [Server thread/INFO]: Preparing spawn area: 16%
[09:20:30] [Server thread/INFO]: Preparing spawn area: 20%
[09:20:30] [Server thread/INFO]: Preparing spawn area: 24%
[09:20:30] [Server thread/INFO]: Preparing spawn area: 28%
[09:20:30] [Server thread/INFO]: Preparing spawn area: 32%
[09:20:30] [Server thread/INFO]: Preparing spawn area: 36%
[09:20:30] [Server thread/INFO]: Preparing spawn area: 40%
[09:20:30] [Server thread/INFO]: Preparing spawn area: 44%
[09:20:30] [Server thread/INFO]: Preparing spawn area: 48%
[09:20:30] [Server thread/INFO]: Preparing spawn area: 52%
[09:20:30] [Server thread/INFO]: Preparing spawn area: 56%
[09:20:30] [Server thread/INFO]: Preparing spawn area: 60%
[09:20:30] [Server thread/INFO]: Preparing spawn area: 64%
[09:20:30] [Server thread/INFO]: Preparing spawn area: 68%
[09:20:30] [Server thread/INFO]: Preparing spawn area: 72%
[09:20:30] [Server thread/INFO]: Preparing spawn area: 76%
[09:20:30] [Server thread/INFO]: Preparing spawn area: 80%
[09:20:30] [Server thread/INFO]: Preparing spawn area: 84%
[09:20:30] [Server thread/INFO]: Preparing spawn area: 88%
[09:20:30] [Server thread/INFO]: Preparing spawn area: 92%
[09:20:30] [Server thread/INFO]: Preparing spawn area: 96%
[09:20:30] [Server thread/INFO]: Preparing spawn area: 100%
[09:20:30] [Server thread/INFO]: Preparing start region for level minecraft:the_nether (Seed: -2898559828293743903)
[09:20:31] [Server thread/INFO]: Preparing spawn area: 4%
[09:20:31] [Server thread/INFO]: Preparing spawn area: 8%
[09:20:31] [Server thread/INFO]: Preparing spawn area: 12%
[09:20:31] [Server thread/INFO]: Preparing spawn area: 16%
[09:20:31] [Server thread/INFO]: Preparing spawn area: 20%
[09:20:31] [Server thread/INFO]: Preparing spawn area: 24%
[09:20:31] [Server thread/INFO]: Preparing spawn area: 28%
[09:20:31] [Server thread/INFO]: Preparing spawn area: 32%
[09:20:31] [Server thread/INFO]: Preparing spawn area: 36%
[09:20:32] [Server thread/INFO]: Preparing spawn area: 40%
[09:20:32] [Server thread/INFO]: Preparing spawn area: 44%
[09:20:32] [Server thread/INFO]: Preparing spawn area: 48%
[09:20:32] [Server thread/INFO]: Preparing spawn area: 52%
[09:20:32] [Server thread/INFO]: Preparing spawn area: 56%
[09:20:32] [Server thread/INFO]: Preparing spawn area: 60%
[09:20:32] [Server thread/INFO]: Preparing spawn area: 64%
[09:20:32] [Server thread/INFO]: Preparing spawn area: 68%
[09:20:32] [Server thread/INFO]: Preparing spawn area: 72%
[09:20:32] [Server thread/INFO]: Preparing spawn area: 76%
[09:20:33] [Server thread/INFO]: Preparing spawn area: 80%
[09:20:33] [Server thread/INFO]: Preparing spawn area: 84%
[09:20:33] [Server thread/INFO]: Preparing spawn area: 88%
[09:20:33] [Server thread/INFO]: Preparing spawn area: 92%
[09:20:33] [Server thread/INFO]: Preparing spawn area: 96%
[09:20:33] [Server thread/INFO]: Preparing spawn area: 100%
[09:20:33] [Server thread/INFO]: Time elapsed: 5245 ms
[09:20:33] [Server thread/INFO]: [JuicyRaspberryPie] Enabling JuicyRaspberryPie v1.7
[09:20:33] [Server thread/INFO]: [JuicyRaspberryPie] ThreadListener Started
[09:20:33] [Server thread/INFO]: Starting Python command server...
[09:20:33] [Server thread/INFO]: Server permissions file permissions.yml is empty, ignoring it
[09:20:33] [Server thread/INFO]: Done (7.198s)! For help, type "help"
[09:20:36] [User Authenticator #1/INFO]: UUID of player Skaterhound is ccedb0d6-5c04-47b1-8160-455ed69c120d
[09:20:39] [Server thread/INFO]: Skaterhound[/192.168.56.1:50195] logged in with entity id 205 at ([world]495.78921434424694, 87.7886448101979, -699.0828760313148)
[09:20:45] [Server thread/INFO]: Skaterhound issued server command: /p castleBase
[09:20:45] [Server thread/INFO]: the py server send back ok
[09:20:45] [Thread-7/INFO]: [JuicyRaspberryPie] Starting input thread
[09:20:45] [Thread-6/INFO]: [JuicyRaspberryPie] Opened connection to/127.0.0.1:50199.
[09:20:45] [Thread-8/INFO]: [JuicyRaspberryPie] Starting output thread!
[09:20:45] [Server thread/INFO]: [JuicyRaspberryPie] Closed connection to/127.0.0.1:50199.
[09:21:04] [Server thread/INFO]: Unknown item 'diamond:pick_axe'
[09:21:04] [Server thread/INFO]: ...aterhound diamond:pick_axe<--[HERE]
[09:21:12] [Server thread/INFO]: Unknown item 'diamond:pickaxe'
[09:21:12] [Server thread/INFO]: ...aterhound diamond:pickaxe<--[HERE]
[09:21:19] [Server thread/INFO]: Unknown item 'diamond:pick'
[09:21:19] [Server thread/INFO]: ...aterhound diamond:pick<--[HERE]
[09:21:29] [Server thread/INFO]: Unknown item 'minecraft:diamond_pick_axe'
[09:21:29] [Server thread/INFO]: ...aterhound minecraft:diamond_pick_axe<--[HERE]
[09:21:41] [Server thread/INFO]: Gave 1 [Diamond Pickaxe] to Skaterhound
[09:21:49] [Server thread/INFO]: Set the time to 0
[09:22:13] [Server thread/INFO]: Skaterhound issued server command: /p castleBase
[09:22:13] [Server thread/INFO]: the py server send back ok
[09:22:13] [Thread-6/INFO]: [JuicyRaspberryPie] Opened connection to/127.0.0.1:50201.
[09:22:13] [Thread-10/INFO]: [JuicyRaspberryPie] Starting output thread!
[09:22:13] [Thread-9/INFO]: [JuicyRaspberryPie] Starting input thread
[09:22:13] [Server thread/INFO]: [JuicyRaspberryPie] Closed connection to/127.0.0.1:50201.
[09:22:45] [Thread-2/INFO]: Stopping server
